Using pre-set license
Built from '2020.3/staging' branch; Version is '2020.3.25f1 (9b9180224418) revision 10195328'; Using compiler version '192528614'; Build Type 'Release'
OS: 'Windows 10  (10.0.19043) 64bit Professional' Language: 'en' Physical Memory: 16332 MB
BatchMode: 1, IsHumanControllingUs: 0, StartBugReporterOnCrash: 0, Is64bit: 1, IsPro: 0

COMMAND LINE ARGUMENTS:
C:\Program Files\Unity 2020.3.25f1\Editor\Unity.exe
-adb2
-batchMode
-noUpm
-name
AssetImportWorker0
-projectPath
D:/Libraries/Documents/GitHub/cart315-prototype2
-logFile
Logs/AssetImportWorker0.log
-srvPort
62905
Successfully changed project path to: D:/Libraries/Documents/GitHub/cart315-prototype2
D:/Libraries/Documents/GitHub/cart315-prototype2
Using Asset Import Pipeline V2.
Refreshing native plugins compatible for Editor in 106.13 ms, found 2 plugins.
Preloading 0 native plugins for Editor in 0.00 ms.
Initialize engine version: 2020.3.25f1 (9b9180224418)
[Subsystems] Discovering subsystems at path C:/Program Files/Unity 2020.3.25f1/Editor/Data/Resources/UnitySubsystems
[Subsystems] Discovering subsystems at path D:/Libraries/Documents/GitHub/cart315-prototype2/Assets
GfxDevice: creating device client; threaded=0
Direct3D:
    Version:  Direct3D 11.0 [level 11.1]
    Renderer: NVIDIA GeForce RTX 2060 (ID=0x1f08)
    Vendor:   
    VRAM:     5980 MB
    Driver:   30.0.15.1179
Initialize mono
Mono path[0] = 'C:/Program Files/Unity 2020.3.25f1/Editor/Data/Managed'
Mono path[1] = 'C:/Program Files/Unity 2020.3.25f1/Editor/Data/MonoBleedingEdge/lib/mono/unityjit'
Mono config path = 'C:/Program Files/Unity 2020.3.25f1/Editor/Data/MonoBleedingEdge/etc'
Using monoOptions --debugger-agent=transport=dt_socket,embedding=1,server=y,suspend=n,address=127.0.0.1:56708
Begin MonoManager ReloadAssembly
Registering precompiled unity dll's ...
Register platform support module: C:/Program Files/Unity 2020.3.25f1/Editor/Data/PlaybackEngines/WebGLSupport/UnityEditor.WebGL.Extensions.dll
Register platform support module: C:/Program Files/Unity 2020.3.25f1/Editor/Data/PlaybackEngines/WindowsStandaloneSupport/UnityEditor.WindowsStandalone.Extensions.dll
Registered in 0.003134 seconds.
Native extension for WindowsStandalone target not found
Native extension for WebGL target not found
Refreshing native plugins compatible for Editor in 107.14 ms, found 2 plugins.
Preloading 0 native plugins for Editor in 0.00 ms.
Mono: successfully reloaded assembly
- Completed reload, in  0.760 seconds
Domain Reload Profiling:
	ReloadAssembly (761ms)
		BeginReloadAssembly (63ms)
			ExecutionOrderSort (0ms)
			DisableScriptedObjects (0ms)
			BackupInstance (0ms)
			ReleaseScriptingObjects (0ms)
			CreateAndSetChildDomain (1ms)
		EndReloadAssembly (603ms)
			LoadAssemblies (61ms)
			RebuildTransferFunctionScriptingTraits (0ms)
			SetupTypeCache (181ms)
			ReleaseScriptCaches (0ms)
			RebuildScriptCaches (33ms)
			SetupLoadedEditorAssemblies (269ms)
				LogAssemblyErrors (0ms)
				InitializePlatformSupportModulesInManaged (6ms)
				SetLoadedEditorAssemblies (0ms)
				RefreshPlugins (107ms)
				BeforeProcessingInitializeOnLoad (19ms)
				ProcessInitializeOnLoadAttributes (103ms)
				ProcessInitializeOnLoadMethodAttributes (33ms)
				AfterProcessingInitializeOnLoad (0ms)
				EditorAssembliesLoaded (0ms)
			ExecutionOrderSort2 (0ms)
			AwakeInstancesAfterBackupRestoration (0ms)
Platform modules already initialized, skipping
Registering precompiled user dll's ...
Registered in 0.004930 seconds.
Begin MonoManager ReloadAssembly
Native extension for WindowsStandalone target not found
Native extension for WebGL target not found
Refreshing native plugins compatible for Editor in 109.68 ms, found 2 plugins.
Preloading 0 native plugins for Editor in 0.00 ms.
Mono: successfully reloaded assembly
- Completed reload, in  1.549 seconds
Domain Reload Profiling:
	ReloadAssembly (1550ms)
		BeginReloadAssembly (168ms)
			ExecutionOrderSort (0ms)
			DisableScriptedObjects (6ms)
			BackupInstance (0ms)
			ReleaseScriptingObjects (0ms)
			CreateAndSetChildDomain (19ms)
		EndReloadAssembly (1301ms)
			LoadAssemblies (112ms)
			RebuildTransferFunctionScriptingTraits (0ms)
			SetupTypeCache (413ms)
			ReleaseScriptCaches (1ms)
			RebuildScriptCaches (68ms)
			SetupLoadedEditorAssemblies (561ms)
				LogAssemblyErrors (0ms)
				InitializePlatformSupportModulesInManaged (5ms)
				SetLoadedEditorAssemblies (0ms)
				RefreshPlugins (110ms)
				BeforeProcessingInitializeOnLoad (117ms)
				ProcessInitializeOnLoadAttributes (307ms)
				ProcessInitializeOnLoadMethodAttributes (13ms)
				AfterProcessingInitializeOnLoad (9ms)
				EditorAssembliesLoaded (0ms)
			ExecutionOrderSort2 (0ms)
			AwakeInstancesAfterBackupRestoration (7ms)
Platform modules already initialized, skipping
========================================================================
Worker process is ready to serve import requests
Launched and connected shader compiler UnityShaderCompiler.exe after 0.08 seconds
Refreshing native plugins compatible for Editor in 0.89 ms, found 2 plugins.
Preloading 0 native plugins for Editor in 0.00 ms.
Unloading 3951 Unused Serialized files (Serialized files now loaded: 0)
System memory in use before: 330.6 MB.
System memory in use after: 330.8 MB.

Unloading 25 unused Assets to reduce memory usage. Loaded Objects now: 4410.
Total: 4.239100 ms (FindLiveObjects: 0.331900 ms CreateObjectMapping: 0.108300 ms MarkObjects: 3.685100 ms  DeleteObjects: 0.112500 ms)

AssetImportParameters requested are different than current active one (requested -> active):
  custom:framework-win-MediaFoundation: 216162199b28c13a410421893ffa2e32 -> 
  custom:video-decoder-ogg-theora: a1e56fd34408186e4bbccfd4996cb3dc -> 
  custom:container-muxer-webm: aa71ff27fc2769a1b78a27578f13a17b -> 
  custom:container-demuxer-webm: 4f35f7cbe854078d1ac9338744f61a02 -> 
  custom:container-demuxer-ogg: 62fdf1f143b41e24485cea50d1cbac27 -> 
  custom:video-encoder-webm-vp8: eb34c28f22e8b96e1ab97ce403110664 -> 
  custom:video-decoder-webm-vp8: 9c59270c3fd7afecdb556c50c9e8de78 -> 
  custom:audio-decoder-ogg-vorbis: bf7c407c2cedff20999df2af8eb42d56 -> 
  custom:audio-encoder-webm-vorbis: bf7c407c2cedff20999df2af8eb42d56 -> 
========================================================================
Received Import Request.
  path: Assets/Prefabs/Rock_Quibli.prefab
  artifactKey: Guid(f814051f83891454d81c8c7602670f3c) Importer(815301076,1909f56bfc062723c751e8b465ee728b)
Start importing Assets/Prefabs/Rock_Quibli.prefab using Guid(f814051f83891454d81c8c7602670f3c) Importer(815301076,1909f56bfc062723c751e8b465ee728b)  -> (artifact id: 'fb8c9218ca6146fec8f60bb8c4e61583') in 0.266114 seconds 
  Import took 0.272403 seconds .

========================================================================
Received Import Request.
  Time since last request: 5.349279 seconds.
  path: Assets/Prefabs/Grass_Sprout.prefab
  artifactKey: Guid(efe96269cae54c44db71985f944a4b14) Importer(815301076,1909f56bfc062723c751e8b465ee728b)
Start importing Assets/Prefabs/Grass_Sprout.prefab using Guid(efe96269cae54c44db71985f944a4b14) Importer(815301076,1909f56bfc062723c751e8b465ee728b)  -> (artifact id: '06a9b4e89f2f03ecba99208941e82880') in 0.016644 seconds 
  Import took 0.022866 seconds .

========================================================================
Received Import Request.
  Time since last request: 117.798827 seconds.
  path: Assets/Prefabs/Tree.prefab
  artifactKey: Guid(fd8f21e837fbd9040a8edeb36a4a71ce) Importer(815301076,1909f56bfc062723c751e8b465ee728b)
Start importing Assets/Prefabs/Tree.prefab using Guid(fd8f21e837fbd9040a8edeb36a4a71ce) Importer(815301076,1909f56bfc062723c751e8b465ee728b)  -> (artifact id: '0bc4ee117e80982d338315700355e758') in 0.064226 seconds 
  Import took 0.070653 seconds .

========================================================================
Received Prepare
Registering precompiled user dll's ...
Registered in 0.004702 seconds.
Begin MonoManager ReloadAssembly
Native extension for WindowsStandalone target not found
Native extension for WebGL target not found
Refreshing native plugins compatible for Editor in 1.01 ms, found 2 plugins.
Preloading 0 native plugins for Editor in 0.00 ms.
Mono: successfully reloaded assembly
- Completed reload, in  1.488 seconds
Domain Reload Profiling:
	ReloadAssembly (1488ms)
		BeginReloadAssembly (175ms)
			ExecutionOrderSort (0ms)
			DisableScriptedObjects (7ms)
			BackupInstance (0ms)
			ReleaseScriptingObjects (0ms)
			CreateAndSetChildDomain (43ms)
		EndReloadAssembly (1237ms)
			LoadAssemblies (115ms)
			RebuildTransferFunctionScriptingTraits (0ms)
			SetupTypeCache (425ms)
			ReleaseScriptCaches (2ms)
			RebuildScriptCaches (55ms)
			SetupLoadedEditorAssemblies (452ms)
				LogAssemblyErrors (0ms)
				InitializePlatformSupportModulesInManaged (6ms)
				SetLoadedEditorAssemblies (1ms)
				RefreshPlugins (1ms)
				BeforeProcessingInitializeOnLoad (113ms)
				ProcessInitializeOnLoadAttributes (308ms)
				ProcessInitializeOnLoadMethodAttributes (14ms)
				AfterProcessingInitializeOnLoad (9ms)
				EditorAssembliesLoaded (0ms)
			ExecutionOrderSort2 (0ms)
			AwakeInstancesAfterBackupRestoration (25ms)
Platform modules already initialized, skipping
Refreshing native plugins compatible for Editor in 0.98 ms, found 2 plugins.
Preloading 0 native plugins for Editor in 0.00 ms.
Unloading 3790 Unused Serialized files (Serialized files now loaded: 0)
System memory in use before: 323.8 MB.
System memory in use after: 324.0 MB.

Unloading 18 unused Assets to reduce memory usage. Loaded Objects now: 4462.
Total: 4.576500 ms (FindLiveObjects: 0.347300 ms CreateObjectMapping: 0.108700 ms MarkObjects: 4.097000 ms  DeleteObjects: 0.021900 ms)

AssetImportParameters requested are different than current active one (requested -> active):
  custom:framework-win-MediaFoundation: 216162199b28c13a410421893ffa2e32 -> 
  custom:video-decoder-ogg-theora: a1e56fd34408186e4bbccfd4996cb3dc -> 
  custom:container-muxer-webm: aa71ff27fc2769a1b78a27578f13a17b -> 
  custom:container-demuxer-webm: 4f35f7cbe854078d1ac9338744f61a02 -> 
  custom:container-demuxer-ogg: 62fdf1f143b41e24485cea50d1cbac27 -> 
  custom:video-encoder-webm-vp8: eb34c28f22e8b96e1ab97ce403110664 -> 
  custom:video-decoder-webm-vp8: 9c59270c3fd7afecdb556c50c9e8de78 -> 
  custom:audio-decoder-ogg-vorbis: bf7c407c2cedff20999df2af8eb42d56 -> 
  custom:audio-encoder-webm-vorbis: bf7c407c2cedff20999df2af8eb42d56 -> 
========================================================================
Received Prepare
Registering precompiled user dll's ...
Registered in 0.004726 seconds.
Begin MonoManager ReloadAssembly
Native extension for WindowsStandalone target not found
Native extension for WebGL target not found
Refreshing native plugins compatible for Editor in 0.98 ms, found 2 plugins.
Preloading 0 native plugins for Editor in 0.00 ms.
Mono: successfully reloaded assembly
- Completed reload, in  1.446 seconds
Domain Reload Profiling:
	ReloadAssembly (1446ms)
		BeginReloadAssembly (141ms)
			ExecutionOrderSort (0ms)
			DisableScriptedObjects (6ms)
			BackupInstance (0ms)
			ReleaseScriptingObjects (0ms)
			CreateAndSetChildDomain (41ms)
		EndReloadAssembly (1228ms)
			LoadAssemblies (109ms)
			RebuildTransferFunctionScriptingTraits (0ms)
			SetupTypeCache (405ms)
			ReleaseScriptCaches (2ms)
			RebuildScriptCaches (60ms)
			SetupLoadedEditorAssemblies (463ms)
				LogAssemblyErrors (0ms)
				InitializePlatformSupportModulesInManaged (6ms)
				SetLoadedEditorAssemblies (1ms)
				RefreshPlugins (1ms)
				BeforeProcessingInitializeOnLoad (115ms)
				ProcessInitializeOnLoadAttributes (318ms)
				ProcessInitializeOnLoadMethodAttributes (13ms)
				AfterProcessingInitializeOnLoad (9ms)
				EditorAssembliesLoaded (0ms)
			ExecutionOrderSort2 (0ms)
			AwakeInstancesAfterBackupRestoration (22ms)
Platform modules already initialized, skipping
Refreshing native plugins compatible for Editor in 1.09 ms, found 2 plugins.
Preloading 0 native plugins for Editor in 0.00 ms.
Unloading 3790 Unused Serialized files (Serialized files now loaded: 0)
System memory in use before: 323.9 MB.
System memory in use after: 324.1 MB.

Unloading 18 unused Assets to reduce memory usage. Loaded Objects now: 4464.
Total: 5.020800 ms (FindLiveObjects: 0.381700 ms CreateObjectMapping: 0.116100 ms MarkObjects: 4.498900 ms  DeleteObjects: 0.022000 ms)

AssetImportParameters requested are different than current active one (requested -> active):
  custom:framework-win-MediaFoundation: 216162199b28c13a410421893ffa2e32 -> 
  custom:video-decoder-ogg-theora: a1e56fd34408186e4bbccfd4996cb3dc -> 
  custom:container-muxer-webm: aa71ff27fc2769a1b78a27578f13a17b -> 
  custom:container-demuxer-webm: 4f35f7cbe854078d1ac9338744f61a02 -> 
  custom:container-demuxer-ogg: 62fdf1f143b41e24485cea50d1cbac27 -> 
  custom:video-encoder-webm-vp8: eb34c28f22e8b96e1ab97ce403110664 -> 
  custom:video-decoder-webm-vp8: 9c59270c3fd7afecdb556c50c9e8de78 -> 
  custom:audio-decoder-ogg-vorbis: bf7c407c2cedff20999df2af8eb42d56 -> 
  custom:audio-encoder-webm-vorbis: bf7c407c2cedff20999df2af8eb42d56 -> 
========================================================================
Received Prepare
Registering precompiled user dll's ...
Registered in 0.004708 seconds.
Begin MonoManager ReloadAssembly
Native extension for WindowsStandalone target not found
Native extension for WebGL target not found
Refreshing native plugins compatible for Editor in 0.97 ms, found 2 plugins.
Preloading 0 native plugins for Editor in 0.00 ms.
Mono: successfully reloaded assembly
- Completed reload, in  1.450 seconds
Domain Reload Profiling:
	ReloadAssembly (1451ms)
		BeginReloadAssembly (144ms)
			ExecutionOrderSort (0ms)
			DisableScriptedObjects (6ms)
			BackupInstance (0ms)
			ReleaseScriptingObjects (0ms)
			CreateAndSetChildDomain (41ms)
		EndReloadAssembly (1226ms)
			LoadAssemblies (113ms)
			RebuildTransferFunctionScriptingTraits (0ms)
			SetupTypeCache (409ms)
			ReleaseScriptCaches (2ms)
			RebuildScriptCaches (60ms)
			SetupLoadedEditorAssemblies (456ms)
				LogAssemblyErrors (0ms)
				InitializePlatformSupportModulesInManaged (5ms)
				SetLoadedEditorAssemblies (1ms)
				RefreshPlugins (1ms)
				BeforeProcessingInitializeOnLoad (112ms)
				ProcessInitializeOnLoadAttributes (315ms)
				ProcessInitializeOnLoadMethodAttributes (13ms)
				AfterProcessingInitializeOnLoad (9ms)
				EditorAssembliesLoaded (0ms)
			ExecutionOrderSort2 (0ms)
			AwakeInstancesAfterBackupRestoration (26ms)
Platform modules already initialized, skipping
Refreshing native plugins compatible for Editor in 1.13 ms, found 2 plugins.
Preloading 0 native plugins for Editor in 0.00 ms.
Unloading 3790 Unused Serialized files (Serialized files now loaded: 0)
System memory in use before: 323.9 MB.
System memory in use after: 324.2 MB.

Unloading 18 unused Assets to reduce memory usage. Loaded Objects now: 4466.
Total: 4.428700 ms (FindLiveObjects: 0.438100 ms CreateObjectMapping: 0.117100 ms MarkObjects: 3.853600 ms  DeleteObjects: 0.018700 ms)

AssetImportParameters requested are different than current active one (requested -> active):
  custom:framework-win-MediaFoundation: 216162199b28c13a410421893ffa2e32 -> 
  custom:video-decoder-ogg-theora: a1e56fd34408186e4bbccfd4996cb3dc -> 
  custom:container-muxer-webm: aa71ff27fc2769a1b78a27578f13a17b -> 
  custom:container-demuxer-webm: 4f35f7cbe854078d1ac9338744f61a02 -> 
  custom:container-demuxer-ogg: 62fdf1f143b41e24485cea50d1cbac27 -> 
  custom:video-encoder-webm-vp8: eb34c28f22e8b96e1ab97ce403110664 -> 
  custom:video-decoder-webm-vp8: 9c59270c3fd7afecdb556c50c9e8de78 -> 
  custom:audio-decoder-ogg-vorbis: bf7c407c2cedff20999df2af8eb42d56 -> 
  custom:audio-encoder-webm-vorbis: bf7c407c2cedff20999df2af8eb42d56 -> 
========================================================================
Received Prepare
Registering precompiled user dll's ...
Registered in 0.005375 seconds.
Begin MonoManager ReloadAssembly
Native extension for WindowsStandalone target not found
Native extension for WebGL target not found
Refreshing native plugins compatible for Editor in 1.31 ms, found 2 plugins.
Preloading 0 native plugins for Editor in 0.00 ms.
Mono: successfully reloaded assembly
- Completed reload, in  1.432 seconds
Domain Reload Profiling:
	ReloadAssembly (1432ms)
		BeginReloadAssembly (138ms)
			ExecutionOrderSort (0ms)
			DisableScriptedObjects (6ms)
			BackupInstance (0ms)
			ReleaseScriptingObjects (0ms)
			CreateAndSetChildDomain (43ms)
		EndReloadAssembly (1217ms)
			LoadAssemblies (110ms)
			RebuildTransferFunctionScriptingTraits (0ms)
			SetupTypeCache (412ms)
			ReleaseScriptCaches (2ms)
			RebuildScriptCaches (55ms)
			SetupLoadedEditorAssemblies (455ms)
				LogAssemblyErrors (0ms)
				InitializePlatformSupportModulesInManaged (6ms)
				SetLoadedEditorAssemblies (1ms)
				RefreshPlugins (1ms)
				BeforeProcessingInitializeOnLoad (116ms)
				ProcessInitializeOnLoadAttributes (308ms)
				ProcessInitializeOnLoadMethodAttributes (13ms)
				AfterProcessingInitializeOnLoad (9ms)
				EditorAssembliesLoaded (0ms)
			ExecutionOrderSort2 (0ms)
			AwakeInstancesAfterBackupRestoration (24ms)
Platform modules already initialized, skipping
Refreshing native plugins compatible for Editor in 1.14 ms, found 2 plugins.
Preloading 0 native plugins for Editor in 0.00 ms.
Unloading 3790 Unused Serialized files (Serialized files now loaded: 0)
System memory in use before: 323.9 MB.
System memory in use after: 324.2 MB.

Unloading 18 unused Assets to reduce memory usage. Loaded Objects now: 4468.
Total: 4.877900 ms (FindLiveObjects: 0.358500 ms CreateObjectMapping: 0.117900 ms MarkObjects: 4.375400 ms  DeleteObjects: 0.024600 ms)

AssetImportParameters requested are different than current active one (requested -> active):
  custom:framework-win-MediaFoundation: 216162199b28c13a410421893ffa2e32 -> 
  custom:video-decoder-ogg-theora: a1e56fd34408186e4bbccfd4996cb3dc -> 
  custom:container-muxer-webm: aa71ff27fc2769a1b78a27578f13a17b -> 
  custom:container-demuxer-webm: 4f35f7cbe854078d1ac9338744f61a02 -> 
  custom:container-demuxer-ogg: 62fdf1f143b41e24485cea50d1cbac27 -> 
  custom:video-encoder-webm-vp8: eb34c28f22e8b96e1ab97ce403110664 -> 
  custom:video-decoder-webm-vp8: 9c59270c3fd7afecdb556c50c9e8de78 -> 
  custom:audio-decoder-ogg-vorbis: bf7c407c2cedff20999df2af8eb42d56 -> 
  custom:audio-encoder-webm-vorbis: bf7c407c2cedff20999df2af8eb42d56 -> 
========================================================================
Received Prepare
Registering precompiled user dll's ...
Registered in 0.004917 seconds.
Begin MonoManager ReloadAssembly
Native extension for WindowsStandalone target not found
Native extension for WebGL target not found
Refreshing native plugins compatible for Editor in 1.00 ms, found 2 plugins.
Preloading 0 native plugins for Editor in 0.00 ms.
Mono: successfully reloaded assembly
- Completed reload, in  1.415 seconds
Domain Reload Profiling:
	ReloadAssembly (1415ms)
		BeginReloadAssembly (136ms)
			ExecutionOrderSort (0ms)
			DisableScriptedObjects (6ms)
			BackupInstance (0ms)
			ReleaseScriptingObjects (0ms)
			CreateAndSetChildDomain (37ms)
		EndReloadAssembly (1204ms)
			LoadAssemblies (105ms)
			RebuildTransferFunctionScriptingTraits (0ms)
			SetupTypeCache (401ms)
			ReleaseScriptCaches (2ms)
			RebuildScriptCaches (57ms)
			SetupLoadedEditorAssemblies (452ms)
				LogAssemblyErrors (0ms)
				InitializePlatformSupportModulesInManaged (6ms)
				SetLoadedEditorAssemblies (1ms)
				RefreshPlugins (1ms)
				BeforeProcessingInitializeOnLoad (113ms)
				ProcessInitializeOnLoadAttributes (310ms)
				ProcessInitializeOnLoadMethodAttributes (13ms)
				AfterProcessingInitializeOnLoad (9ms)
				EditorAssembliesLoaded (0ms)
			ExecutionOrderSort2 (0ms)
			AwakeInstancesAfterBackupRestoration (25ms)
Platform modules already initialized, skipping
Refreshing native plugins compatible for Editor in 1.04 ms, found 2 plugins.
Preloading 0 native plugins for Editor in 0.00 ms.
Unloading 3790 Unused Serialized files (Serialized files now loaded: 0)
System memory in use before: 324.0 MB.
System memory in use after: 324.2 MB.

Unloading 18 unused Assets to reduce memory usage. Loaded Objects now: 4470.
Total: 5.073800 ms (FindLiveObjects: 0.379200 ms CreateObjectMapping: 0.116400 ms MarkObjects: 4.550800 ms  DeleteObjects: 0.025500 ms)

AssetImportParameters requested are different than current active one (requested -> active):
  custom:framework-win-MediaFoundation: 216162199b28c13a410421893ffa2e32 -> 
  custom:video-decoder-ogg-theora: a1e56fd34408186e4bbccfd4996cb3dc -> 
  custom:container-muxer-webm: aa71ff27fc2769a1b78a27578f13a17b -> 
  custom:container-demuxer-webm: 4f35f7cbe854078d1ac9338744f61a02 -> 
  custom:container-demuxer-ogg: 62fdf1f143b41e24485cea50d1cbac27 -> 
  custom:video-encoder-webm-vp8: eb34c28f22e8b96e1ab97ce403110664 -> 
  custom:video-decoder-webm-vp8: 9c59270c3fd7afecdb556c50c9e8de78 -> 
  custom:audio-decoder-ogg-vorbis: bf7c407c2cedff20999df2af8eb42d56 -> 
  custom:audio-encoder-webm-vorbis: bf7c407c2cedff20999df2af8eb42d56 -> 
========================================================================
Received Prepare
Registering precompiled user dll's ...
Registered in 0.004925 seconds.
Begin MonoManager ReloadAssembly
Native extension for WindowsStandalone target not found
Native extension for WebGL target not found
Refreshing native plugins compatible for Editor in 0.91 ms, found 2 plugins.
Preloading 0 native plugins for Editor in 0.00 ms.
Mono: successfully reloaded assembly
- Completed reload, in  1.394 seconds
Domain Reload Profiling:
	ReloadAssembly (1395ms)
		BeginReloadAssembly (129ms)
			ExecutionOrderSort (0ms)
			DisableScriptedObjects (6ms)
			BackupInstance (0ms)
			ReleaseScriptingObjects (0ms)
			CreateAndSetChildDomain (37ms)
		EndReloadAssembly (1188ms)
			LoadAssemblies (110ms)
			RebuildTransferFunctionScriptingTraits (0ms)
			SetupTypeCache (405ms)
			ReleaseScriptCaches (2ms)
			RebuildScriptCaches (54ms)
			SetupLoadedEditorAssemblies (435ms)
				LogAssemblyErrors (0ms)
				InitializePlatformSupportModulesInManaged (5ms)
				SetLoadedEditorAssemblies (1ms)
				RefreshPlugins (1ms)
				BeforeProcessingInitializeOnLoad (109ms)
				ProcessInitializeOnLoadAttributes (297ms)
				ProcessInitializeOnLoadMethodAttributes (13ms)
				AfterProcessingInitializeOnLoad (10ms)
				EditorAssembliesLoaded (0ms)
			ExecutionOrderSort2 (0ms)
			AwakeInstancesAfterBackupRestoration (24ms)
Platform modules already initialized, skipping
Refreshing native plugins compatible for Editor in 1.01 ms, found 2 plugins.
Preloading 0 native plugins for Editor in 0.00 ms.
Unloading 3790 Unused Serialized files (Serialized files now loaded: 0)
System memory in use before: 324.0 MB.
System memory in use after: 324.2 MB.

Unloading 18 unused Assets to reduce memory usage. Loaded Objects now: 4472.
Total: 5.035100 ms (FindLiveObjects: 0.418300 ms CreateObjectMapping: 0.116000 ms MarkObjects: 4.473600 ms  DeleteObjects: 0.025600 ms)

AssetImportParameters requested are different than current active one (requested -> active):
  custom:framework-win-MediaFoundation: 216162199b28c13a410421893ffa2e32 -> 
  custom:video-decoder-ogg-theora: a1e56fd34408186e4bbccfd4996cb3dc -> 
  custom:container-muxer-webm: aa71ff27fc2769a1b78a27578f13a17b -> 
  custom:container-demuxer-webm: 4f35f7cbe854078d1ac9338744f61a02 -> 
  custom:container-demuxer-ogg: 62fdf1f143b41e24485cea50d1cbac27 -> 
  custom:video-encoder-webm-vp8: eb34c28f22e8b96e1ab97ce403110664 -> 
  custom:video-decoder-webm-vp8: 9c59270c3fd7afecdb556c50c9e8de78 -> 
  custom:audio-decoder-ogg-vorbis: bf7c407c2cedff20999df2af8eb42d56 -> 
  custom:audio-encoder-webm-vorbis: bf7c407c2cedff20999df2af8eb42d56 -> 
========================================================================
Received Import Request.
  Time since last request: 542.939727 seconds.
  path: Assets/Prefabs/Tree.prefab
  artifactKey: Guid(fd8f21e837fbd9040a8edeb36a4a71ce) Importer(815301076,1909f56bfc062723c751e8b465ee728b)
Start importing Assets/Prefabs/Tree.prefab using Guid(fd8f21e837fbd9040a8edeb36a4a71ce) Importer(815301076,1909f56bfc062723c751e8b465ee728b)  -> (artifact id: '51e9101d054a79b4d1cf4a4e41ae84e2') in 0.309144 seconds 
  Import took 0.316827 seconds .

========================================================================
Received Import Request.
  Time since last request: 2.895237 seconds.
  path: Assets/Prefabs/Tree.prefab
  artifactKey: Guid(fd8f21e837fbd9040a8edeb36a4a71ce) Importer(815301076,1909f56bfc062723c751e8b465ee728b)
Start importing Assets/Prefabs/Tree.prefab using Guid(fd8f21e837fbd9040a8edeb36a4a71ce) Importer(815301076,1909f56bfc062723c751e8b465ee728b)  -> (artifact id: '70e5c26c3923f08be5d746f880dce84c') in 0.018285 seconds 
  Import took 0.025716 seconds .

========================================================================
Received Import Request.
  Time since last request: 73.002980 seconds.
  path: Assets/Prefabs/Tree.prefab
  artifactKey: Guid(fd8f21e837fbd9040a8edeb36a4a71ce) Importer(815301076,1909f56bfc062723c751e8b465ee728b)
Start importing Assets/Prefabs/Tree.prefab using Guid(fd8f21e837fbd9040a8edeb36a4a71ce) Importer(815301076,1909f56bfc062723c751e8b465ee728b)  -> (artifact id: '1c40b45e6237fd4bb223081e4734c397') in 0.025142 seconds 
  Import took 0.031831 seconds .

========================================================================
Received Import Request.
  Time since last request: 5.195894 seconds.
  path: Assets/Prefabs/Tree.prefab
  artifactKey: Guid(fd8f21e837fbd9040a8edeb36a4a71ce) Importer(815301076,1909f56bfc062723c751e8b465ee728b)
Start importing Assets/Prefabs/Tree.prefab using Guid(fd8f21e837fbd9040a8edeb36a4a71ce) Importer(815301076,1909f56bfc062723c751e8b465ee728b)  -> (artifact id: '07b4d4348f750fd62ca9888bcf79306e') in 0.032782 seconds 
  Import took 0.039200 seconds .

========================================================================
Received Import Request.
  Time since last request: 12.690068 seconds.
  path: Assets/Prefabs/Tree.prefab
  artifactKey: Guid(fd8f21e837fbd9040a8edeb36a4a71ce) Importer(815301076,1909f56bfc062723c751e8b465ee728b)
Start importing Assets/Prefabs/Tree.prefab using Guid(fd8f21e837fbd9040a8edeb36a4a71ce) Importer(815301076,1909f56bfc062723c751e8b465ee728b)  -> (artifact id: 'a70a6eb49df3b1a9797c2abb64354e0b') in 0.018573 seconds 
  Import took 0.024964 seconds .

========================================================================
Received Import Request.
  Time since last request: 7.856884 seconds.
  path: Assets/Prefabs/Tree.prefab
  artifactKey: Guid(fd8f21e837fbd9040a8edeb36a4a71ce) Importer(815301076,1909f56bfc062723c751e8b465ee728b)
Start importing Assets/Prefabs/Tree.prefab using Guid(fd8f21e837fbd9040a8edeb36a4a71ce) Importer(815301076,1909f56bfc062723c751e8b465ee728b)  -> (artifact id: 'fcb5c9577a6bab63ecd7f5f0f8bd8843') in 0.018935 seconds 
  Import took 0.025571 seconds .

========================================================================
Received Import Request.
  Time since last request: 4.832178 seconds.
  path: Assets/Prefabs/Tree.prefab
  artifactKey: Guid(fd8f21e837fbd9040a8edeb36a4a71ce) Importer(815301076,1909f56bfc062723c751e8b465ee728b)
Start importing Assets/Prefabs/Tree.prefab using Guid(fd8f21e837fbd9040a8edeb36a4a71ce) Importer(815301076,1909f56bfc062723c751e8b465ee728b)  -> (artifact id: '9ecbbf54618f0f3a8c5b3af2516962a6') in 0.018979 seconds 
  Import took 0.025225 seconds .

========================================================================
Received Import Request.
  Time since last request: 16.162436 seconds.
  path: Assets/Prefabs/Tree.prefab
  artifactKey: Guid(fd8f21e837fbd9040a8edeb36a4a71ce) Importer(815301076,1909f56bfc062723c751e8b465ee728b)
Start importing Assets/Prefabs/Tree.prefab using Guid(fd8f21e837fbd9040a8edeb36a4a71ce) Importer(815301076,1909f56bfc062723c751e8b465ee728b)  -> (artifact id: 'b42b2e2294a1998110e5f1ebf37f3d00') in 0.019330 seconds 
  Import took 0.025935 seconds .

========================================================================
Received Import Request.
  Time since last request: 13.942479 seconds.
  path: Assets/Prefabs/Tree.prefab
  artifactKey: Guid(fd8f21e837fbd9040a8edeb36a4a71ce) Importer(815301076,1909f56bfc062723c751e8b465ee728b)
Start importing Assets/Prefabs/Tree.prefab using Guid(fd8f21e837fbd9040a8edeb36a4a71ce) Importer(815301076,1909f56bfc062723c751e8b465ee728b)  -> (artifact id: 'a7396d8fda0ff3e0e0faf50ce7824636') in 0.017684 seconds 
  Import took 0.024206 seconds .

========================================================================
Received Import Request.
  Time since last request: 3.356128 seconds.
  path: Assets/Prefabs/Tree.prefab
  artifactKey: Guid(fd8f21e837fbd9040a8edeb36a4a71ce) Importer(815301076,1909f56bfc062723c751e8b465ee728b)
Start importing Assets/Prefabs/Tree.prefab using Guid(fd8f21e837fbd9040a8edeb36a4a71ce) Importer(815301076,1909f56bfc062723c751e8b465ee728b)  -> (artifact id: '80c63eac655d76deb8698f7b3a51e5a7') in 0.019173 seconds 
  Import took 0.025542 seconds .

========================================================================
Received Import Request.
  Time since last request: 6.458303 seconds.
  path: Assets/Prefabs/Tree.prefab
  artifactKey: Guid(fd8f21e837fbd9040a8edeb36a4a71ce) Importer(815301076,1909f56bfc062723c751e8b465ee728b)
Start importing Assets/Prefabs/Tree.prefab using Guid(fd8f21e837fbd9040a8edeb36a4a71ce) Importer(815301076,1909f56bfc062723c751e8b465ee728b)  -> (artifact id: '89cc24b064e4132a861f5554d35736f6') in 0.025197 seconds 
  Import took 0.032594 seconds .

========================================================================
Received Import Request.
  Time since last request: 11.425583 seconds.
  path: Assets/Prefabs/Tree.prefab
  artifactKey: Guid(fd8f21e837fbd9040a8edeb36a4a71ce) Importer(815301076,1909f56bfc062723c751e8b465ee728b)
Start importing Assets/Prefabs/Tree.prefab using Guid(fd8f21e837fbd9040a8edeb36a4a71ce) Importer(815301076,1909f56bfc062723c751e8b465ee728b)  -> (artifact id: '7d5d6d754d853d7b68f10cdb0cb403ab') in 0.018667 seconds 
  Import took 0.025133 seconds .

========================================================================
Received Import Request.
  Time since last request: 1.392250 seconds.
  path: Assets/Prefabs/Tree.prefab
  artifactKey: Guid(fd8f21e837fbd9040a8edeb36a4a71ce) Importer(815301076,1909f56bfc062723c751e8b465ee728b)
Start importing Assets/Prefabs/Tree.prefab using Guid(fd8f21e837fbd9040a8edeb36a4a71ce) Importer(815301076,1909f56bfc062723c751e8b465ee728b)  -> (artifact id: '7b8d1abad8e91907344899c77c032f8f') in 0.017077 seconds 
  Import took 0.023435 seconds .

========================================================================
Received Import Request.
  Time since last request: 13.081945 seconds.
  path: Assets/Prefabs/Tree.prefab
  artifactKey: Guid(fd8f21e837fbd9040a8edeb36a4a71ce) Importer(815301076,1909f56bfc062723c751e8b465ee728b)
Start importing Assets/Prefabs/Tree.prefab using Guid(fd8f21e837fbd9040a8edeb36a4a71ce) Importer(815301076,1909f56bfc062723c751e8b465ee728b)  -> (artifact id: '2c9e70531d67d621e4f5ebdb23605574') in 0.022572 seconds 
  Import took 0.029284 seconds .

========================================================================
Received Import Request.
  Time since last request: 10.497690 seconds.
  path: Assets/Prefabs/Tree.prefab
  artifactKey: Guid(fd8f21e837fbd9040a8edeb36a4a71ce) Importer(815301076,1909f56bfc062723c751e8b465ee728b)
Start importing Assets/Prefabs/Tree.prefab using Guid(fd8f21e837fbd9040a8edeb36a4a71ce) Importer(815301076,1909f56bfc062723c751e8b465ee728b)  -> (artifact id: '25fc68ea5b87c0fa7b6289b0ae35c207') in 0.017416 seconds 
  Import took 0.023837 seconds .

========================================================================
Received Prepare
Registering precompiled user dll's ...
Registered in 0.004748 seconds.
Begin MonoManager ReloadAssembly
Native extension for WindowsStandalone target not found
Native extension for WebGL target not found
Refreshing native plugins compatible for Editor in 1.16 ms, found 2 plugins.
Preloading 0 native plugins for Editor in 0.00 ms.
Mono: successfully reloaded assembly
- Completed reload, in  1.469 seconds
Domain Reload Profiling:
	ReloadAssembly (1469ms)
		BeginReloadAssembly (145ms)
			ExecutionOrderSort (0ms)
			DisableScriptedObjects (8ms)
			BackupInstance (0ms)
			ReleaseScriptingObjects (0ms)
			CreateAndSetChildDomain (48ms)
		EndReloadAssembly (1246ms)
			LoadAssemblies (114ms)
			RebuildTransferFunctionScriptingTraits (0ms)
			SetupTypeCache (425ms)
			ReleaseScriptCaches (2ms)
			RebuildScriptCaches (56ms)
			SetupLoadedEditorAssemblies (457ms)
				LogAssemblyErrors (0ms)
				InitializePlatformSupportModulesInManaged (6ms)
				SetLoadedEditorAssemblies (1ms)
				RefreshPlugins (1ms)
				BeforeProcessingInitializeOnLoad (113ms)
				ProcessInitializeOnLoadAttributes (312ms)
				ProcessInitializeOnLoadMethodAttributes (14ms)
				AfterProcessingInitializeOnLoad (9ms)
				EditorAssembliesLoaded (0ms)
			ExecutionOrderSort2 (0ms)
			AwakeInstancesAfterBackupRestoration (26ms)
Platform modules already initialized, skipping
Refreshing native plugins compatible for Editor in 1.00 ms, found 2 plugins.
Preloading 0 native plugins for Editor in 0.00 ms.
Unloading 3790 Unused Serialized files (Serialized files now loaded: 0)
System memory in use before: 324.1 MB.
System memory in use after: 324.4 MB.

Unloading 18 unused Assets to reduce memory usage. Loaded Objects now: 4514.
Total: 5.444600 ms (FindLiveObjects: 0.380300 ms CreateObjectMapping: 0.134300 ms MarkObjects: 4.906700 ms  DeleteObjects: 0.021700 ms)

AssetImportParameters requested are different than current active one (requested -> active):
  custom:framework-win-MediaFoundation: 216162199b28c13a410421893ffa2e32 -> 
  custom:video-decoder-ogg-theora: a1e56fd34408186e4bbccfd4996cb3dc -> 
  custom:container-muxer-webm: aa71ff27fc2769a1b78a27578f13a17b -> 
  custom:container-demuxer-webm: 4f35f7cbe854078d1ac9338744f61a02 -> 
  custom:container-demuxer-ogg: 62fdf1f143b41e24485cea50d1cbac27 -> 
  custom:video-encoder-webm-vp8: eb34c28f22e8b96e1ab97ce403110664 -> 
  custom:video-decoder-webm-vp8: 9c59270c3fd7afecdb556c50c9e8de78 -> 
  custom:audio-decoder-ogg-vorbis: bf7c407c2cedff20999df2af8eb42d56 -> 
  custom:audio-encoder-webm-vorbis: bf7c407c2cedff20999df2af8eb42d56 -> 
========================================================================
Received Import Request.
  Time since last request: 86.445922 seconds.
  path: Assets/Prefabs/Tree.prefab
  artifactKey: Guid(fd8f21e837fbd9040a8edeb36a4a71ce) Importer(815301076,1909f56bfc062723c751e8b465ee728b)
Start importing Assets/Prefabs/Tree.prefab using Guid(fd8f21e837fbd9040a8edeb36a4a71ce) Importer(815301076,1909f56bfc062723c751e8b465ee728b)  -> (artifact id: '839e7e7188dd947628f285cad2736cff') in 0.210275 seconds 
  Import took 0.217394 seconds .

========================================================================
Received Import Request.
  Time since last request: 12.889577 seconds.
  path: Assets/Prefabs/Tree.prefab
  artifactKey: Guid(fd8f21e837fbd9040a8edeb36a4a71ce) Importer(815301076,1909f56bfc062723c751e8b465ee728b)
Start importing Assets/Prefabs/Tree.prefab using Guid(fd8f21e837fbd9040a8edeb36a4a71ce) Importer(815301076,1909f56bfc062723c751e8b465ee728b)  -> (artifact id: 'a5ac042b4a1b1269aa6f8031d6d76b24') in 0.043804 seconds 
  Import took 0.050298 seconds .

========================================================================
Received Import Request.
  Time since last request: 15.258904 seconds.
  path: Assets/Prefabs/Tree.prefab
  artifactKey: Guid(fd8f21e837fbd9040a8edeb36a4a71ce) Importer(815301076,1909f56bfc062723c751e8b465ee728b)
Start importing Assets/Prefabs/Tree.prefab using Guid(fd8f21e837fbd9040a8edeb36a4a71ce) Importer(815301076,1909f56bfc062723c751e8b465ee728b)  -> (artifact id: 'ed9842e64cd93fd0dda9a4e760840452') in 0.020550 seconds 
  Import took 0.027015 seconds .

========================================================================
Received Import Request.
  Time since last request: 4.194655 seconds.
  path: Assets/Prefabs/Tree.prefab
  artifactKey: Guid(fd8f21e837fbd9040a8edeb36a4a71ce) Importer(815301076,1909f56bfc062723c751e8b465ee728b)
Start importing Assets/Prefabs/Tree.prefab using Guid(fd8f21e837fbd9040a8edeb36a4a71ce) Importer(815301076,1909f56bfc062723c751e8b465ee728b)  -> (artifact id: 'd28c9dc24d0160ba42f5264410caad73') in 0.017892 seconds 
  Import took 0.024262 seconds .

========================================================================
Received Import Request.
  Time since last request: 9.861001 seconds.
  path: Assets/Prefabs/Tree.prefab
  artifactKey: Guid(fd8f21e837fbd9040a8edeb36a4a71ce) Importer(815301076,1909f56bfc062723c751e8b465ee728b)
Start importing Assets/Prefabs/Tree.prefab using Guid(fd8f21e837fbd9040a8edeb36a4a71ce) Importer(815301076,1909f56bfc062723c751e8b465ee728b)  -> (artifact id: 'b99d9aa9ddf4412f7c40ac76685a25e9') in 0.019464 seconds 
  Import took 0.025903 seconds .

========================================================================
Received Import Request.
  Time since last request: 3.796796 seconds.
  path: Assets/Prefabs/Tree.prefab
  artifactKey: Guid(fd8f21e837fbd9040a8edeb36a4a71ce) Importer(815301076,1909f56bfc062723c751e8b465ee728b)
Start importing Assets/Prefabs/Tree.prefab using Guid(fd8f21e837fbd9040a8edeb36a4a71ce) Importer(815301076,1909f56bfc062723c751e8b465ee728b)  -> (artifact id: '74765733143fee7af4464f7c139255b1') in 0.037511 seconds 
  Import took 0.043951 seconds .

========================================================================
Received Import Request.
  Time since last request: 9.635754 seconds.
  path: Assets/Prefabs/Tree.prefab
  artifactKey: Guid(fd8f21e837fbd9040a8edeb36a4a71ce) Importer(815301076,1909f56bfc062723c751e8b465ee728b)
Start importing Assets/Prefabs/Tree.prefab using Guid(fd8f21e837fbd9040a8edeb36a4a71ce) Importer(815301076,1909f56bfc062723c751e8b465ee728b)  -> (artifact id: '7cf03f24dbcc5b2f1645b8010770a3f8') in 0.016539 seconds 
  Import took 0.023140 seconds .

========================================================================
Received Import Request.
  Time since last request: 53.865075 seconds.
  path: Assets/Prefabs/Tree.prefab
  artifactKey: Guid(fd8f21e837fbd9040a8edeb36a4a71ce) Importer(815301076,1909f56bfc062723c751e8b465ee728b)
Start importing Assets/Prefabs/Tree.prefab using Guid(fd8f21e837fbd9040a8edeb36a4a71ce) Importer(815301076,1909f56bfc062723c751e8b465ee728b)  -> (artifact id: '8c58ba35d1e04c445a83efb643ebfae5') in 0.020016 seconds 
  Import took 0.027092 seconds .

========================================================================
Received Import Request.
  Time since last request: 10.474445 seconds.
  path: Assets/Prefabs/Tree.prefab
  artifactKey: Guid(fd8f21e837fbd9040a8edeb36a4a71ce) Importer(815301076,1909f56bfc062723c751e8b465ee728b)
Start importing Assets/Prefabs/Tree.prefab using Guid(fd8f21e837fbd9040a8edeb36a4a71ce) Importer(815301076,1909f56bfc062723c751e8b465ee728b)  -> (artifact id: '67539d5e9fba178a47571912d42e3541') in 0.020268 seconds 
  Import took 0.027038 seconds .

========================================================================
Received Import Request.
  Time since last request: 9.435453 seconds.
  path: Assets/Prefabs/Tree.prefab
  artifactKey: Guid(fd8f21e837fbd9040a8edeb36a4a71ce) Importer(815301076,1909f56bfc062723c751e8b465ee728b)
Start importing Assets/Prefabs/Tree.prefab using Guid(fd8f21e837fbd9040a8edeb36a4a71ce) Importer(815301076,1909f56bfc062723c751e8b465ee728b)  -> (artifact id: '225e871d49949983dad6c0b69bc3ac3c') in 0.031020 seconds 
  Import took 0.037514 seconds .

========================================================================
Received Import Request.
  Time since last request: 8.836860 seconds.
  path: Assets/Prefabs/Tree.prefab
  artifactKey: Guid(fd8f21e837fbd9040a8edeb36a4a71ce) Importer(815301076,1909f56bfc062723c751e8b465ee728b)
Start importing Assets/Prefabs/Tree.prefab using Guid(fd8f21e837fbd9040a8edeb36a4a71ce) Importer(815301076,1909f56bfc062723c751e8b465ee728b)  -> (artifact id: 'c0afac51122e2214c563270755d8d20b') in 0.019767 seconds 
  Import took 0.026225 seconds .

========================================================================
Received Prepare
Registering precompiled user dll's ...
Registered in 0.004742 seconds.
Begin MonoManager ReloadAssembly
Native extension for WindowsStandalone target not found
Native extension for WebGL target not found
Refreshing native plugins compatible for Editor in 0.98 ms, found 2 plugins.
Preloading 0 native plugins for Editor in 0.00 ms.
Mono: successfully reloaded assembly
- Completed reload, in  1.430 seconds
Domain Reload Profiling:
	ReloadAssembly (1430ms)
		BeginReloadAssembly (138ms)
			ExecutionOrderSort (0ms)
			DisableScriptedObjects (8ms)
			BackupInstance (0ms)
			ReleaseScriptingObjects (0ms)
			CreateAndSetChildDomain (42ms)
		EndReloadAssembly (1214ms)
			LoadAssemblies (112ms)
			RebuildTransferFunctionScriptingTraits (0ms)
			SetupTypeCache (395ms)
			ReleaseScriptCaches (2ms)
			RebuildScriptCaches (56ms)
			SetupLoadedEditorAssemblies (464ms)
				LogAssemblyErrors (0ms)
				InitializePlatformSupportModulesInManaged (5ms)
				SetLoadedEditorAssemblies (1ms)
				RefreshPlugins (1ms)
				BeforeProcessingInitializeOnLoad (115ms)
				ProcessInitializeOnLoadAttributes (317ms)
				ProcessInitializeOnLoadMethodAttributes (13ms)
				AfterProcessingInitializeOnLoad (11ms)
				EditorAssembliesLoaded (0ms)
			ExecutionOrderSort2 (0ms)
			AwakeInstancesAfterBackupRestoration (26ms)
Platform modules already initialized, skipping
Refreshing native plugins compatible for Editor in 1.02 ms, found 2 plugins.
Preloading 0 native plugins for Editor in 0.00 ms.
Unloading 3790 Unused Serialized files (Serialized files now loaded: 0)
System memory in use before: 324.3 MB.
System memory in use after: 324.5 MB.

Unloading 18 unused Assets to reduce memory usage. Loaded Objects now: 4556.
Total: 5.409900 ms (FindLiveObjects: 0.435600 ms CreateObjectMapping: 0.161000 ms MarkObjects: 4.785900 ms  DeleteObjects: 0.025600 ms)

AssetImportParameters requested are different than current active one (requested -> active):
  custom:framework-win-MediaFoundation: 216162199b28c13a410421893ffa2e32 -> 
  custom:video-decoder-ogg-theora: a1e56fd34408186e4bbccfd4996cb3dc -> 
  custom:container-muxer-webm: aa71ff27fc2769a1b78a27578f13a17b -> 
  custom:container-demuxer-webm: 4f35f7cbe854078d1ac9338744f61a02 -> 
  custom:container-demuxer-ogg: 62fdf1f143b41e24485cea50d1cbac27 -> 
  custom:video-encoder-webm-vp8: eb34c28f22e8b96e1ab97ce403110664 -> 
  custom:video-decoder-webm-vp8: 9c59270c3fd7afecdb556c50c9e8de78 -> 
  custom:audio-decoder-ogg-vorbis: bf7c407c2cedff20999df2af8eb42d56 -> 
  custom:audio-encoder-webm-vorbis: bf7c407c2cedff20999df2af8eb42d56 -> 
========================================================================
Received Import Request.
  Time since last request: 94.014019 seconds.
  path: Assets/Prefabs/Tree.prefab
  artifactKey: Guid(fd8f21e837fbd9040a8edeb36a4a71ce) Importer(815301076,1909f56bfc062723c751e8b465ee728b)
Start importing Assets/Prefabs/Tree.prefab using Guid(fd8f21e837fbd9040a8edeb36a4a71ce) Importer(815301076,1909f56bfc062723c751e8b465ee728b)  -> (artifact id: '5df1f730f75351fcfcbed24fdaff2cdd') in 0.210577 seconds 
  Import took 0.217371 seconds .

========================================================================
Received Import Request.
  Time since last request: 6.427772 seconds.
  path: Assets/Prefabs/Tree.prefab
  artifactKey: Guid(fd8f21e837fbd9040a8edeb36a4a71ce) Importer(815301076,1909f56bfc062723c751e8b465ee728b)
Start importing Assets/Prefabs/Tree.prefab using Guid(fd8f21e837fbd9040a8edeb36a4a71ce) Importer(815301076,1909f56bfc062723c751e8b465ee728b)  -> (artifact id: 'b10b9025776258a14c583e4f72a49971') in 0.017065 seconds 
  Import took 0.023448 seconds .

========================================================================
Received Import Request.
  Time since last request: 19.989485 seconds.
  path: Assets/Prefabs/Tree.prefab
  artifactKey: Guid(fd8f21e837fbd9040a8edeb36a4a71ce) Importer(815301076,1909f56bfc062723c751e8b465ee728b)
Start importing Assets/Prefabs/Tree.prefab using Guid(fd8f21e837fbd9040a8edeb36a4a71ce) Importer(815301076,1909f56bfc062723c751e8b465ee728b)  -> (artifact id: '2e61dab3a8d96b93e681b89b9c8544a1') in 0.017665 seconds 
  Import took 0.024115 seconds .

========================================================================
Received Import Request.
  Time since last request: 3.998778 seconds.
  path: Assets/Prefabs/Tree.prefab
  artifactKey: Guid(fd8f21e837fbd9040a8edeb36a4a71ce) Importer(815301076,1909f56bfc062723c751e8b465ee728b)
Start importing Assets/Prefabs/Tree.prefab using Guid(fd8f21e837fbd9040a8edeb36a4a71ce) Importer(815301076,1909f56bfc062723c751e8b465ee728b)  -> (artifact id: '6296f92c18387b4d7d36e5b471734047') in 0.017524 seconds 
  Import took 0.023817 seconds .

========================================================================
Received Import Request.
  Time since last request: 5.022134 seconds.
  path: Assets/Prefabs/Tree.prefab
  artifactKey: Guid(fd8f21e837fbd9040a8edeb36a4a71ce) Importer(815301076,1909f56bfc062723c751e8b465ee728b)
Start importing Assets/Prefabs/Tree.prefab using Guid(fd8f21e837fbd9040a8edeb36a4a71ce) Importer(815301076,1909f56bfc062723c751e8b465ee728b)  -> (artifact id: '852624b06992f8640c41a15e1af7f864') in 0.018312 seconds 
  Import took 0.024903 seconds .

========================================================================
Received Import Request.
  Time since last request: 30.803009 seconds.
  path: Assets/Quibli/Demos/City/Textures
  artifactKey: Guid(54b49a36d681b4a9fa2d6c17d42f3dbc) Importer(815301076,1909f56bfc062723c751e8b465ee728b)
Start importing Assets/Quibli/Demos/City/Textures using Guid(54b49a36d681b4a9fa2d6c17d42f3dbc) Importer(815301076,1909f56bfc062723c751e8b465ee728b)  -> (artifact id: '58031ba1d55290924a8ee076ddfe1677') in 0.021369 seconds 
  Import took 0.027519 seconds .

========================================================================
Received Import Request.
  Time since last request: 0.039382 seconds.
  path: Assets/Quibli/Demos/City/Textures/Texture_Asphalt_1024_1.png
  artifactKey: Guid(82bec99b5ded740edb914b02058dc2db) Importer(815301076,1909f56bfc062723c751e8b465ee728b)
Start importing Assets/Quibli/Demos/City/Textures/Texture_Asphalt_1024_1.png using Guid(82bec99b5ded740edb914b02058dc2db) Importer(815301076,1909f56bfc062723c751e8b465ee728b)  -> (artifact id: '6af6ec4fb2b4241e8b7d0a6f440d0396') in 0.048892 seconds 
  Import took 0.055132 seconds .

========================================================================
Received Import Request.
  Time since last request: 0.000170 seconds.
  path: Assets/Quibli/Demos/City/Textures/Texture_Asphalt_1024_3.png
  artifactKey: Guid(f582eab7a758949b497ba923b420c047) Importer(815301076,1909f56bfc062723c751e8b465ee728b)
Start importing Assets/Quibli/Demos/City/Textures/Texture_Asphalt_1024_3.png using Guid(f582eab7a758949b497ba923b420c047) Importer(815301076,1909f56bfc062723c751e8b465ee728b)  -> (artifact id: '68bfd6b476f072ff163751da3a8de2a0') in 0.052843 seconds 
  Import took 0.058598 seconds .

========================================================================
Received Import Request.
  Time since last request: 0.000167 seconds.
  path: Assets/Quibli/Demos/City/Textures/Texture_Asphalt_1024_2.png
  artifactKey: Guid(1dbbd14520ebd4da0a90ff9fddbb29de) Importer(815301076,1909f56bfc062723c751e8b465ee728b)
Start importing Assets/Quibli/Demos/City/Textures/Texture_Asphalt_1024_2.png using Guid(1dbbd14520ebd4da0a90ff9fddbb29de) Importer(815301076,1909f56bfc062723c751e8b465ee728b)  -> (artifact id: 'dd4f8fa8d0f36c732a6137cee7e7c97c') in 0.036897 seconds 
  Import took 0.042634 seconds .

========================================================================
Received Import Request.
  Time since last request: 0.000178 seconds.
  path: Assets/Quibli/Demos/City/Textures/Texture_Concrete_Grunge_1024_5.png
  artifactKey: Guid(677cc6cf432724818b681131869c2794) Importer(815301076,1909f56bfc062723c751e8b465ee728b)
Start importing Assets/Quibli/Demos/City/Textures/Texture_Concrete_Grunge_1024_5.png using Guid(677cc6cf432724818b681131869c2794) Importer(815301076,1909f56bfc062723c751e8b465ee728b)  -> (artifact id: 'ba2f25f238cbed3017b59331575dd738') in 0.034056 seconds 
  Import took 0.039875 seconds .

========================================================================
Received Import Request.
  Time since last request: 0.000169 seconds.
  path: Assets/Quibli/Demos/City/Textures/Texture_Scratches_Details_1024_1.png
  artifactKey: Guid(6b40baf7b61d34343a8f366700bcecad) Importer(815301076,1909f56bfc062723c751e8b465ee728b)
Start importing Assets/Quibli/Demos/City/Textures/Texture_Scratches_Details_1024_1.png using Guid(6b40baf7b61d34343a8f366700bcecad) Importer(815301076,1909f56bfc062723c751e8b465ee728b)  -> (artifact id: 'fcf78815669b291e739b0a6f65a39bcc') in 0.050653 seconds 
  Import took 0.056641 seconds .

========================================================================
Received Import Request.
  Time since last request: 0.000168 seconds.
  path: Assets/Quibli/Demos/City/Textures/Texture_Stickers_1.png
  artifactKey: Guid(4c74106c1ed0a459fb990f3ec4a82bbc) Importer(815301076,1909f56bfc062723c751e8b465ee728b)
Start importing Assets/Quibli/Demos/City/Textures/Texture_Stickers_1.png using Guid(4c74106c1ed0a459fb990f3ec4a82bbc) Importer(815301076,1909f56bfc062723c751e8b465ee728b)  -> (artifact id: '81e844f939dc3eee6de232f65d4101b2') in 0.028817 seconds 
  Import took 0.034593 seconds .

========================================================================
Received Import Request.
  Time since last request: 0.000209 seconds.
  path: Assets/Quibli/Demos/City/Textures/Texture_Road_Signs_1024.png
  artifactKey: Guid(13495d4d3ab4947239c3667461018112) Importer(815301076,1909f56bfc062723c751e8b465ee728b)
Start importing Assets/Quibli/Demos/City/Textures/Texture_Road_Signs_1024.png using Guid(13495d4d3ab4947239c3667461018112) Importer(815301076,1909f56bfc062723c751e8b465ee728b)  -> (artifact id: '7445bdbd98199522a833add17460f537') in 0.074891 seconds 
  Import took 0.081362 seconds .

========================================================================
Received Import Request.
  Time since last request: 0.000171 seconds.
  path: Assets/Quibli/Demos/City/Textures/Texture_Concrete_Grunge_1024_4.png
  artifactKey: Guid(ca5124f90b31f4ddab09de2567831e2b) Importer(815301076,1909f56bfc062723c751e8b465ee728b)
Start importing Assets/Quibli/Demos/City/Textures/Texture_Concrete_Grunge_1024_4.png using Guid(ca5124f90b31f4ddab09de2567831e2b) Importer(815301076,1909f56bfc062723c751e8b465ee728b)  -> (artifact id: 'f1e93f996e03c8ba749c95259d78bc90') in 0.054217 seconds 
  Import took 0.059847 seconds .

========================================================================
Received Import Request.
  Time since last request: 0.000196 seconds.
  path: Assets/Quibli/Demos/City/Textures/Texture_Pavement_1024_1.png
  artifactKey: Guid(6cd6c2edc14704155a880dbb313310b4) Importer(815301076,1909f56bfc062723c751e8b465ee728b)
Start importing Assets/Quibli/Demos/City/Textures/Texture_Pavement_1024_1.png using Guid(6cd6c2edc14704155a880dbb313310b4) Importer(815301076,1909f56bfc062723c751e8b465ee728b)  -> (artifact id: '456e42c06a2d4ef3cc17162ede2fa8d2') in 0.058576 seconds 
  Import took 0.064769 seconds .

========================================================================
Received Import Request.
  Time since last request: 0.000170 seconds.
  path: Assets/Quibli/Demos/City/Textures/Texture_Concrete_Grunge_1024_3.png
  artifactKey: Guid(a8b1fcee81f4f42b2861848d4a721b5f) Importer(815301076,1909f56bfc062723c751e8b465ee728b)
Start importing Assets/Quibli/Demos/City/Textures/Texture_Concrete_Grunge_1024_3.png using Guid(a8b1fcee81f4f42b2861848d4a721b5f) Importer(815301076,1909f56bfc062723c751e8b465ee728b)  -> (artifact id: '40a5005b4f38dd0c6c1a92c94f365a3e') in 0.057159 seconds 
  Import took 0.062840 seconds .

========================================================================
Received Import Request.
  Time since last request: 0.000172 seconds.
  path: Assets/Quibli/Demos/City/Textures/Texture_Concrete_Grunge_1024_1.png
  artifactKey: Guid(9df9ff703ef2745068e887e2e1616c1d) Importer(815301076,1909f56bfc062723c751e8b465ee728b)
Start importing Assets/Quibli/Demos/City/Textures/Texture_Concrete_Grunge_1024_1.png using Guid(9df9ff703ef2745068e887e2e1616c1d) Importer(815301076,1909f56bfc062723c751e8b465ee728b)  -> (artifact id: 'a94ca239d5394f90072e24aefc534b95') in 0.054923 seconds 
  Import took 0.060691 seconds .

========================================================================
Received Import Request.
  Time since last request: 0.000172 seconds.
  path: Assets/Quibli/Demos/City/Textures/Texture_Pavement_1024_1_Normal.png
  artifactKey: Guid(a33b55ec805e04e98bfd9ce89f69a5c8) Importer(815301076,1909f56bfc062723c751e8b465ee728b)
Start importing Assets/Quibli/Demos/City/Textures/Texture_Pavement_1024_1_Normal.png using Guid(a33b55ec805e04e98bfd9ce89f69a5c8) Importer(815301076,1909f56bfc062723c751e8b465ee728b)  -> (artifact id: '451987b3dd7a05bb5bb66819fae00e7f') in 0.086075 seconds 
  Import took 0.091750 seconds .

========================================================================
Received Import Request.
  Time since last request: 0.000167 seconds.
  path: Assets/Quibli/Demos/City/Textures/Texture_Asphalt_1024_4.png
  artifactKey: Guid(4be1cf65632a54aef926ea6aec236cf1) Importer(815301076,1909f56bfc062723c751e8b465ee728b)
Start importing Assets/Quibli/Demos/City/Textures/Texture_Asphalt_1024_4.png using Guid(4be1cf65632a54aef926ea6aec236cf1) Importer(815301076,1909f56bfc062723c751e8b465ee728b)  -> (artifact id: '33792f28e6db447188c40c1c8b39b189') in 0.040170 seconds 
  Import took 0.045824 seconds .

========================================================================
Received Import Request.
  Time since last request: 0.000166 seconds.
  path: Assets/Quibli/Demos/City/Textures/Texture_Asphalt_1024_1_Normal.png
  artifactKey: Guid(c47c713dc04ce459a844976f6bdb15ce) Importer(815301076,1909f56bfc062723c751e8b465ee728b)
Start importing Assets/Quibli/Demos/City/Textures/Texture_Asphalt_1024_1_Normal.png using Guid(c47c713dc04ce459a844976f6bdb15ce) Importer(815301076,1909f56bfc062723c751e8b465ee728b)  -> (artifact id: 'f5d7ac753801bc0747a5cce7c20137e4') in 0.038461 seconds 
  Import took 0.044179 seconds .

========================================================================
Received Import Request.
  Time since last request: 0.000171 seconds.
  path: Assets/Quibli/Demos/City/Textures/Texture_Concrete_Grunge_1024_2.png
  artifactKey: Guid(9d15950e6914d4a97ae06a93e0731413) Importer(815301076,1909f56bfc062723c751e8b465ee728b)
Start importing Assets/Quibli/Demos/City/Textures/Texture_Concrete_Grunge_1024_2.png using Guid(9d15950e6914d4a97ae06a93e0731413) Importer(815301076,1909f56bfc062723c751e8b465ee728b)  -> (artifact id: '8f668589a4a8b55779ef356c95600a50') in 0.027296 seconds 
  Import took 0.033947 seconds .

========================================================================
Received Prepare
Registering precompiled user dll's ...
Registered in 0.004846 seconds.
Begin MonoManager ReloadAssembly
Native extension for WindowsStandalone target not found
Native extension for WebGL target not found
Refreshing native plugins compatible for Editor in 0.92 ms, found 2 plugins.
Preloading 0 native plugins for Editor in 0.00 ms.
Mono: successfully reloaded assembly
- Completed reload, in  1.440 seconds
Domain Reload Profiling:
	ReloadAssembly (1441ms)
		BeginReloadAssembly (153ms)
			ExecutionOrderSort (0ms)
			DisableScriptedObjects (8ms)
			BackupInstance (0ms)
			ReleaseScriptingObjects (0ms)
			CreateAndSetChildDomain (43ms)
		EndReloadAssembly (1210ms)
			LoadAssemblies (116ms)
			RebuildTransferFunctionScriptingTraits (0ms)
			SetupTypeCache (417ms)
			ReleaseScriptCaches (2ms)
			RebuildScriptCaches (56ms)
			SetupLoadedEditorAssemblies (438ms)
				LogAssemblyErrors (0ms)
				InitializePlatformSupportModulesInManaged (5ms)
				SetLoadedEditorAssemblies (1ms)
				RefreshPlugins (1ms)
				BeforeProcessingInitializeOnLoad (107ms)
				ProcessInitializeOnLoadAttributes (299ms)
				ProcessInitializeOnLoadMethodAttributes (13ms)
				AfterProcessingInitializeOnLoad (12ms)
				EditorAssembliesLoaded (0ms)
			ExecutionOrderSort2 (0ms)
			AwakeInstancesAfterBackupRestoration (26ms)
Platform modules already initialized, skipping
Refreshing native plugins compatible for Editor in 1.37 ms, found 2 plugins.
Preloading 0 native plugins for Editor in 0.00 ms.
Unloading 3790 Unused Serialized files (Serialized files now loaded: 0)
System memory in use before: 324.4 MB.
System memory in use after: 324.7 MB.

Unloading 18 unused Assets to reduce memory usage. Loaded Objects now: 4602.
Total: 5.474900 ms (FindLiveObjects: 0.447500 ms CreateObjectMapping: 0.143700 ms MarkObjects: 4.858100 ms  DeleteObjects: 0.023500 ms)

AssetImportParameters requested are different than current active one (requested -> active):
  custom:framework-win-MediaFoundation: 216162199b28c13a410421893ffa2e32 -> 
  custom:video-decoder-ogg-theora: a1e56fd34408186e4bbccfd4996cb3dc -> 
  custom:container-muxer-webm: aa71ff27fc2769a1b78a27578f13a17b -> 
  custom:container-demuxer-webm: 4f35f7cbe854078d1ac9338744f61a02 -> 
  custom:container-demuxer-ogg: 62fdf1f143b41e24485cea50d1cbac27 -> 
  custom:video-encoder-webm-vp8: eb34c28f22e8b96e1ab97ce403110664 -> 
  custom:video-decoder-webm-vp8: 9c59270c3fd7afecdb556c50c9e8de78 -> 
  custom:audio-decoder-ogg-vorbis: bf7c407c2cedff20999df2af8eb42d56 -> 
  custom:audio-encoder-webm-vorbis: bf7c407c2cedff20999df2af8eb42d56 -> 
========================================================================
Received Prepare
Registering precompiled user dll's ...
Registered in 0.004823 seconds.
Begin MonoManager ReloadAssembly
Native extension for WindowsStandalone target not found
Native extension for WebGL target not found
Refreshing native plugins compatible for Editor in 1.07 ms, found 2 plugins.
Preloading 0 native plugins for Editor in 0.00 ms.
Mono: successfully reloaded assembly
- Completed reload, in  1.461 seconds
Domain Reload Profiling:
	ReloadAssembly (1462ms)
		BeginReloadAssembly (142ms)
			ExecutionOrderSort (0ms)
			DisableScriptedObjects (6ms)
			BackupInstance (0ms)
			ReleaseScriptingObjects (0ms)
			CreateAndSetChildDomain (43ms)
		EndReloadAssembly (1239ms)
			LoadAssemblies (115ms)
			RebuildTransferFunctionScriptingTraits (0ms)
			SetupTypeCache (409ms)
			ReleaseScriptCaches (2ms)
			RebuildScriptCaches (56ms)
			SetupLoadedEditorAssemblies (462ms)
				LogAssemblyErrors (0ms)
				InitializePlatformSupportModulesInManaged (6ms)
				SetLoadedEditorAssemblies (1ms)
				RefreshPlugins (1ms)
				BeforeProcessingInitializeOnLoad (114ms)
				ProcessInitializeOnLoadAttributes (318ms)
				ProcessInitializeOnLoadMethodAttributes (13ms)
				AfterProcessingInitializeOnLoad (9ms)
				EditorAssembliesLoaded (0ms)
			ExecutionOrderSort2 (0ms)
			AwakeInstancesAfterBackupRestoration (28ms)
Platform modules already initialized, skipping
Refreshing native plugins compatible for Editor in 1.04 ms, found 2 plugins.
Preloading 0 native plugins for Editor in 0.00 ms.
Unloading 3790 Unused Serialized files (Serialized files now loaded: 0)
System memory in use before: 324.5 MB.
System memory in use after: 324.7 MB.

Unloading 18 unused Assets to reduce memory usage. Loaded Objects now: 4604.
Total: 5.288700 ms (FindLiveObjects: 0.376600 ms CreateObjectMapping: 0.116100 ms MarkObjects: 4.767700 ms  DeleteObjects: 0.026300 ms)

AssetImportParameters requested are different than current active one (requested -> active):
  custom:framework-win-MediaFoundation: 216162199b28c13a410421893ffa2e32 -> 
  custom:video-decoder-ogg-theora: a1e56fd34408186e4bbccfd4996cb3dc -> 
  custom:container-muxer-webm: aa71ff27fc2769a1b78a27578f13a17b -> 
  custom:container-demuxer-webm: 4f35f7cbe854078d1ac9338744f61a02 -> 
  custom:container-demuxer-ogg: 62fdf1f143b41e24485cea50d1cbac27 -> 
  custom:video-encoder-webm-vp8: eb34c28f22e8b96e1ab97ce403110664 -> 
  custom:video-decoder-webm-vp8: 9c59270c3fd7afecdb556c50c9e8de78 -> 
  custom:audio-decoder-ogg-vorbis: bf7c407c2cedff20999df2af8eb42d56 -> 
  custom:audio-encoder-webm-vorbis: bf7c407c2cedff20999df2af8eb42d56 -> 
========================================================================
Received Prepare
Registering precompiled user dll's ...
Registered in 0.005336 seconds.
Begin MonoManager ReloadAssembly
Native extension for WindowsStandalone target not found
Native extension for WebGL target not found
Refreshing native plugins compatible for Editor in 0.99 ms, found 2 plugins.
Preloading 0 native plugins for Editor in 0.00 ms.
Mono: successfully reloaded assembly
- Completed reload, in  1.440 seconds
Domain Reload Profiling:
	ReloadAssembly (1441ms)
		BeginReloadAssembly (134ms)
			ExecutionOrderSort (0ms)
			DisableScriptedObjects (6ms)
			BackupInstance (0ms)
			ReleaseScriptingObjects (0ms)
			CreateAndSetChildDomain (38ms)
		EndReloadAssembly (1229ms)
			LoadAssemblies (107ms)
			RebuildTransferFunctionScriptingTraits (0ms)
			SetupTypeCache (412ms)
			ReleaseScriptCaches (2ms)
			RebuildScriptCaches (55ms)
			SetupLoadedEditorAssemblies (463ms)
				LogAssemblyErrors (0ms)
				InitializePlatformSupportModulesInManaged (6ms)
				SetLoadedEditorAssemblies (1ms)
				RefreshPlugins (1ms)
				BeforeProcessingInitializeOnLoad (116ms)
				ProcessInitializeOnLoadAttributes (316ms)
				ProcessInitializeOnLoadMethodAttributes (14ms)
				AfterProcessingInitializeOnLoad (9ms)
				EditorAssembliesLoaded (0ms)
			ExecutionOrderSort2 (0ms)
			AwakeInstancesAfterBackupRestoration (26ms)
Platform modules already initialized, skipping
Refreshing native plugins compatible for Editor in 1.15 ms, found 2 plugins.
Preloading 0 native plugins for Editor in 0.00 ms.
Unloading 3790 Unused Serialized files (Serialized files now loaded: 0)
System memory in use before: 324.5 MB.
System memory in use after: 324.7 MB.

Unloading 18 unused Assets to reduce memory usage. Loaded Objects now: 4606.
Total: 5.110900 ms (FindLiveObjects: 0.471200 ms CreateObjectMapping: 0.275400 ms MarkObjects: 4.338600 ms  DeleteObjects: 0.024000 ms)

AssetImportParameters requested are different than current active one (requested -> active):
  custom:framework-win-MediaFoundation: 216162199b28c13a410421893ffa2e32 -> 
  custom:video-decoder-ogg-theora: a1e56fd34408186e4bbccfd4996cb3dc -> 
  custom:container-muxer-webm: aa71ff27fc2769a1b78a27578f13a17b -> 
  custom:container-demuxer-webm: 4f35f7cbe854078d1ac9338744f61a02 -> 
  custom:container-demuxer-ogg: 62fdf1f143b41e24485cea50d1cbac27 -> 
  custom:video-encoder-webm-vp8: eb34c28f22e8b96e1ab97ce403110664 -> 
  custom:video-decoder-webm-vp8: 9c59270c3fd7afecdb556c50c9e8de78 -> 
  custom:audio-decoder-ogg-vorbis: bf7c407c2cedff20999df2af8eb42d56 -> 
  custom:audio-encoder-webm-vorbis: bf7c407c2cedff20999df2af8eb42d56 -> 
========================================================================
Received Prepare
Registering precompiled user dll's ...
Registered in 0.004998 seconds.
Begin MonoManager ReloadAssembly
Native extension for WindowsStandalone target not found
Native extension for WebGL target not found
Refreshing native plugins compatible for Editor in 1.15 ms, found 2 plugins.
Preloading 0 native plugins for Editor in 0.00 ms.
Mono: successfully reloaded assembly
- Completed reload, in  1.453 seconds
Domain Reload Profiling:
	ReloadAssembly (1453ms)
		BeginReloadAssembly (146ms)
			ExecutionOrderSort (0ms)
			DisableScriptedObjects (6ms)
			BackupInstance (0ms)
			ReleaseScriptingObjects (0ms)
			CreateAndSetChildDomain (41ms)
		EndReloadAssembly (1230ms)
			LoadAssemblies (107ms)
			RebuildTransferFunctionScriptingTraits (0ms)
			SetupTypeCache (408ms)
			ReleaseScriptCaches (2ms)
			RebuildScriptCaches (59ms)
			SetupLoadedEditorAssemblies (462ms)
				LogAssemblyErrors (0ms)
				InitializePlatformSupportModulesInManaged (6ms)
				SetLoadedEditorAssemblies (1ms)
				RefreshPlugins (1ms)
				BeforeProcessingInitializeOnLoad (113ms)
				ProcessInitializeOnLoadAttributes (318ms)
				ProcessInitializeOnLoadMethodAttributes (13ms)
				AfterProcessingInitializeOnLoad (9ms)
				EditorAssembliesLoaded (0ms)
			ExecutionOrderSort2 (0ms)
			AwakeInstancesAfterBackupRestoration (27ms)
Platform modules already initialized, skipping
Refreshing native plugins compatible for Editor in 1.04 ms, found 2 plugins.
Preloading 0 native plugins for Editor in 0.00 ms.
Unloading 3790 Unused Serialized files (Serialized files now loaded: 0)
System memory in use before: 324.5 MB.
System memory in use after: 324.7 MB.

Unloading 18 unused Assets to reduce memory usage. Loaded Objects now: 4608.
Total: 6.377000 ms (FindLiveObjects: 0.448100 ms CreateObjectMapping: 0.133200 ms MarkObjects: 5.771700 ms  DeleteObjects: 0.022200 ms)

AssetImportParameters requested are different than current active one (requested -> active):
  custom:framework-win-MediaFoundation: 216162199b28c13a410421893ffa2e32 -> 
  custom:video-decoder-ogg-theora: a1e56fd34408186e4bbccfd4996cb3dc -> 
  custom:container-muxer-webm: aa71ff27fc2769a1b78a27578f13a17b -> 
  custom:container-demuxer-webm: 4f35f7cbe854078d1ac9338744f61a02 -> 
  custom:container-demuxer-ogg: 62fdf1f143b41e24485cea50d1cbac27 -> 
  custom:video-encoder-webm-vp8: eb34c28f22e8b96e1ab97ce403110664 -> 
  custom:video-decoder-webm-vp8: 9c59270c3fd7afecdb556c50c9e8de78 -> 
  custom:audio-decoder-ogg-vorbis: bf7c407c2cedff20999df2af8eb42d56 -> 
  custom:audio-encoder-webm-vorbis: bf7c407c2cedff20999df2af8eb42d56 -> 
========================================================================
Received Prepare
Registering precompiled user dll's ...
Registered in 0.004869 seconds.
Begin MonoManager ReloadAssembly
Native extension for WindowsStandalone target not found
Native extension for WebGL target not found
Refreshing native plugins compatible for Editor in 0.93 ms, found 2 plugins.
Preloading 0 native plugins for Editor in 0.00 ms.
Mono: successfully reloaded assembly
- Completed reload, in  1.387 seconds
Domain Reload Profiling:
	ReloadAssembly (1387ms)
		BeginReloadAssembly (141ms)
			ExecutionOrderSort (0ms)
			DisableScriptedObjects (6ms)
			BackupInstance (0ms)
			ReleaseScriptingObjects (0ms)
			CreateAndSetChildDomain (38ms)
		EndReloadAssembly (1171ms)
			LoadAssemblies (106ms)
			RebuildTransferFunctionScriptingTraits (0ms)
			SetupTypeCache (391ms)
			ReleaseScriptCaches (2ms)
			RebuildScriptCaches (58ms)
			SetupLoadedEditorAssemblies (431ms)
				LogAssemblyErrors (0ms)
				InitializePlatformSupportModulesInManaged (5ms)
				SetLoadedEditorAssemblies (1ms)
				RefreshPlugins (1ms)
				BeforeProcessingInitializeOnLoad (108ms)
				ProcessInitializeOnLoadAttributes (293ms)
				ProcessInitializeOnLoadMethodAttributes (13ms)
				AfterProcessingInitializeOnLoad (9ms)
				EditorAssembliesLoaded (0ms)
			ExecutionOrderSort2 (0ms)
			AwakeInstancesAfterBackupRestoration (27ms)
Platform modules already initialized, skipping
Refreshing native plugins compatible for Editor in 1.35 ms, found 2 plugins.
Preloading 0 native plugins for Editor in 0.00 ms.
Unloading 3790 Unused Serialized files (Serialized files now loaded: 0)
System memory in use before: 324.5 MB.
System memory in use after: 324.7 MB.

Unloading 18 unused Assets to reduce memory usage. Loaded Objects now: 4610.
Total: 4.672600 ms (FindLiveObjects: 0.392700 ms CreateObjectMapping: 0.112100 ms MarkObjects: 4.146800 ms  DeleteObjects: 0.019700 ms)

AssetImportParameters requested are different than current active one (requested -> active):
  custom:framework-win-MediaFoundation: 216162199b28c13a410421893ffa2e32 -> 
  custom:video-decoder-ogg-theora: a1e56fd34408186e4bbccfd4996cb3dc -> 
  custom:container-muxer-webm: aa71ff27fc2769a1b78a27578f13a17b -> 
  custom:container-demuxer-webm: 4f35f7cbe854078d1ac9338744f61a02 -> 
  custom:container-demuxer-ogg: 62fdf1f143b41e24485cea50d1cbac27 -> 
  custom:video-encoder-webm-vp8: eb34c28f22e8b96e1ab97ce403110664 -> 
  custom:video-decoder-webm-vp8: 9c59270c3fd7afecdb556c50c9e8de78 -> 
  custom:audio-decoder-ogg-vorbis: bf7c407c2cedff20999df2af8eb42d56 -> 
  custom:audio-encoder-webm-vorbis: bf7c407c2cedff20999df2af8eb42d56 -> 
========================================================================
Received Prepare
Registering precompiled user dll's ...
Registered in 0.004934 seconds.
Begin MonoManager ReloadAssembly
Native extension for WindowsStandalone target not found
Native extension for WebGL target not found
Refreshing native plugins compatible for Editor in 1.49 ms, found 2 plugins.
Preloading 0 native plugins for Editor in 0.00 ms.
Mono: successfully reloaded assembly
- Completed reload, in  1.533 seconds
Domain Reload Profiling:
	ReloadAssembly (1533ms)
		BeginReloadAssembly (141ms)
			ExecutionOrderSort (0ms)
			DisableScriptedObjects (6ms)
			BackupInstance (0ms)
			ReleaseScriptingObjects (0ms)
			CreateAndSetChildDomain (37ms)
		EndReloadAssembly (1315ms)
			LoadAssemblies (129ms)
			RebuildTransferFunctionScriptingTraits (0ms)
			SetupTypeCache (430ms)
			ReleaseScriptCaches (2ms)
			RebuildScriptCaches (65ms)
			SetupLoadedEditorAssemblies (482ms)
				LogAssemblyErrors (0ms)
				InitializePlatformSupportModulesInManaged (6ms)
				SetLoadedEditorAssemblies (1ms)
				RefreshPlugins (2ms)
				BeforeProcessingInitializeOnLoad (118ms)
				ProcessInitializeOnLoadAttributes (332ms)
				ProcessInitializeOnLoadMethodAttributes (14ms)
				AfterProcessingInitializeOnLoad (10ms)
				EditorAssembliesLoaded (0ms)
			ExecutionOrderSort2 (0ms)
			AwakeInstancesAfterBackupRestoration (28ms)
Platform modules already initialized, skipping
Refreshing native plugins compatible for Editor in 1.17 ms, found 2 plugins.
Preloading 0 native plugins for Editor in 0.00 ms.
Unloading 3790 Unused Serialized files (Serialized files now loaded: 0)
System memory in use before: 324.5 MB.
System memory in use after: 324.8 MB.

Unloading 18 unused Assets to reduce memory usage. Loaded Objects now: 4612.
Total: 6.009800 ms (FindLiveObjects: 0.551700 ms CreateObjectMapping: 0.161000 ms MarkObjects: 5.269000 ms  DeleteObjects: 0.025700 ms)

AssetImportParameters requested are different than current active one (requested -> active):
  custom:framework-win-MediaFoundation: 216162199b28c13a410421893ffa2e32 -> 
  custom:video-decoder-ogg-theora: a1e56fd34408186e4bbccfd4996cb3dc -> 
  custom:container-muxer-webm: aa71ff27fc2769a1b78a27578f13a17b -> 
  custom:container-demuxer-webm: 4f35f7cbe854078d1ac9338744f61a02 -> 
  custom:container-demuxer-ogg: 62fdf1f143b41e24485cea50d1cbac27 -> 
  custom:video-encoder-webm-vp8: eb34c28f22e8b96e1ab97ce403110664 -> 
  custom:video-decoder-webm-vp8: 9c59270c3fd7afecdb556c50c9e8de78 -> 
  custom:audio-decoder-ogg-vorbis: bf7c407c2cedff20999df2af8eb42d56 -> 
  custom:audio-encoder-webm-vorbis: bf7c407c2cedff20999df2af8eb42d56 -> 
========================================================================
Received Import Request.
  Time since last request: 694.816698 seconds.
  path: Assets/Scenes/SampleScene.unity
  artifactKey: Guid(9fc0d4010bbf28b4594072e72b8655ab) Importer(815301076,1909f56bfc062723c751e8b465ee728b)
Start importing Assets/Scenes/SampleScene.unity using Guid(9fc0d4010bbf28b4594072e72b8655ab) Importer(815301076,1909f56bfc062723c751e8b465ee728b)  -> (artifact id: 'f19fb71f45d084f6cff2b32fcb43a82c') in 0.051896 seconds 
  Import took 0.071142 seconds .

========================================================================
Received Prepare
Registering precompiled user dll's ...
Registered in 0.004939 seconds.
Begin MonoManager ReloadAssembly
Native extension for WindowsStandalone target not found
Native extension for WebGL target not found
Refreshing native plugins compatible for Editor in 1.12 ms, found 2 plugins.
Preloading 0 native plugins for Editor in 0.00 ms.
Mono: successfully reloaded assembly
- Completed reload, in  1.452 seconds
Domain Reload Profiling:
	ReloadAssembly (1453ms)
		BeginReloadAssembly (152ms)
			ExecutionOrderSort (0ms)
			DisableScriptedObjects (6ms)
			BackupInstance (0ms)
			ReleaseScriptingObjects (0ms)
			CreateAndSetChildDomain (46ms)
		EndReloadAssembly (1222ms)
			LoadAssemblies (110ms)
			RebuildTransferFunctionScriptingTraits (0ms)
			SetupTypeCache (403ms)
			ReleaseScriptCaches (2ms)
			RebuildScriptCaches (55ms)
			SetupLoadedEditorAssemblies (460ms)
				LogAssemblyErrors (0ms)
				InitializePlatformSupportModulesInManaged (6ms)
				SetLoadedEditorAssemblies (1ms)
				RefreshPlugins (1ms)
				BeforeProcessingInitializeOnLoad (115ms)
				ProcessInitializeOnLoadAttributes (314ms)
				ProcessInitializeOnLoadMethodAttributes (13ms)
				AfterProcessingInitializeOnLoad (10ms)
				EditorAssembliesLoaded (0ms)
			ExecutionOrderSort2 (0ms)
			AwakeInstancesAfterBackupRestoration (29ms)
Platform modules already initialized, skipping
Refreshing native plugins compatible for Editor in 1.22 ms, found 2 plugins.
Preloading 0 native plugins for Editor in 0.00 ms.
Unloading 3790 Unused Serialized files (Serialized files now loaded: 0)
System memory in use before: 324.6 MB.
System memory in use after: 324.8 MB.

Unloading 18 unused Assets to reduce memory usage. Loaded Objects now: 4614.
Total: 5.337100 ms (FindLiveObjects: 0.390800 ms CreateObjectMapping: 0.119700 ms MarkObjects: 4.803500 ms  DeleteObjects: 0.021100 ms)

AssetImportParameters requested are different than current active one (requested -> active):
  custom:framework-win-MediaFoundation: 216162199b28c13a410421893ffa2e32 -> 
  custom:video-decoder-ogg-theora: a1e56fd34408186e4bbccfd4996cb3dc -> 
  custom:container-muxer-webm: aa71ff27fc2769a1b78a27578f13a17b -> 
  custom:container-demuxer-webm: 4f35f7cbe854078d1ac9338744f61a02 -> 
  custom:container-demuxer-ogg: 62fdf1f143b41e24485cea50d1cbac27 -> 
  custom:video-encoder-webm-vp8: eb34c28f22e8b96e1ab97ce403110664 -> 
  custom:video-decoder-webm-vp8: 9c59270c3fd7afecdb556c50c9e8de78 -> 
  custom:audio-decoder-ogg-vorbis: bf7c407c2cedff20999df2af8eb42d56 -> 
  custom:audio-encoder-webm-vorbis: bf7c407c2cedff20999df2af8eb42d56 -> 
========================================================================
Received Prepare
Registering precompiled user dll's ...
Registered in 0.005373 seconds.
Begin MonoManager ReloadAssembly
Native extension for WindowsStandalone target not found
Native extension for WebGL target not found
Refreshing native plugins compatible for Editor in 1.02 ms, found 2 plugins.
Preloading 0 native plugins for Editor in 0.00 ms.
Mono: successfully reloaded assembly
- Completed reload, in  1.451 seconds
Domain Reload Profiling:
	ReloadAssembly (1451ms)
		BeginReloadAssembly (136ms)
			ExecutionOrderSort (0ms)
			DisableScriptedObjects (6ms)
			BackupInstance (0ms)
			ReleaseScriptingObjects (0ms)
			CreateAndSetChildDomain (41ms)
		EndReloadAssembly (1236ms)
			LoadAssemblies (113ms)
			RebuildTransferFunctionScriptingTraits (0ms)
			SetupTypeCache (405ms)
			ReleaseScriptCaches (2ms)
			RebuildScriptCaches (60ms)
			SetupLoadedEditorAssemblies (454ms)
				LogAssemblyErrors (0ms)
				InitializePlatformSupportModulesInManaged (6ms)
				SetLoadedEditorAssemblies (1ms)
				RefreshPlugins (1ms)
				BeforeProcessingInitializeOnLoad (114ms)
				ProcessInitializeOnLoadAttributes (310ms)
				ProcessInitializeOnLoadMethodAttributes (13ms)
				AfterProcessingInitializeOnLoad (9ms)
				EditorAssembliesLoaded (0ms)
			ExecutionOrderSort2 (0ms)
			AwakeInstancesAfterBackupRestoration (26ms)
Platform modules already initialized, skipping
Refreshing native plugins compatible for Editor in 1.11 ms, found 2 plugins.
Preloading 0 native plugins for Editor in 0.00 ms.
Unloading 3790 Unused Serialized files (Serialized files now loaded: 0)
System memory in use before: 324.6 MB.
System memory in use after: 324.8 MB.

Unloading 18 unused Assets to reduce memory usage. Loaded Objects now: 4616.
Total: 5.405300 ms (FindLiveObjects: 0.417200 ms CreateObjectMapping: 0.166200 ms MarkObjects: 4.797400 ms  DeleteObjects: 0.023000 ms)

AssetImportParameters requested are different than current active one (requested -> active):
  custom:framework-win-MediaFoundation: 216162199b28c13a410421893ffa2e32 -> 
  custom:video-decoder-ogg-theora: a1e56fd34408186e4bbccfd4996cb3dc -> 
  custom:container-muxer-webm: aa71ff27fc2769a1b78a27578f13a17b -> 
  custom:container-demuxer-webm: 4f35f7cbe854078d1ac9338744f61a02 -> 
  custom:container-demuxer-ogg: 62fdf1f143b41e24485cea50d1cbac27 -> 
  custom:video-encoder-webm-vp8: eb34c28f22e8b96e1ab97ce403110664 -> 
  custom:video-decoder-webm-vp8: 9c59270c3fd7afecdb556c50c9e8de78 -> 
  custom:audio-decoder-ogg-vorbis: bf7c407c2cedff20999df2af8eb42d56 -> 
  custom:audio-encoder-webm-vorbis: bf7c407c2cedff20999df2af8eb42d56 -> 
========================================================================
Received Prepare
Registering precompiled user dll's ...
Registered in 0.005203 seconds.
Begin MonoManager ReloadAssembly
Native extension for WindowsStandalone target not found
Native extension for WebGL target not found
Refreshing native plugins compatible for Editor in 1.02 ms, found 2 plugins.
Preloading 0 native plugins for Editor in 0.00 ms.
Mono: successfully reloaded assembly
- Completed reload, in  1.441 seconds
Domain Reload Profiling:
	ReloadAssembly (1442ms)
		BeginReloadAssembly (137ms)
			ExecutionOrderSort (0ms)
			DisableScriptedObjects (6ms)
			BackupInstance (0ms)
			ReleaseScriptingObjects (0ms)
			CreateAndSetChildDomain (37ms)
		EndReloadAssembly (1229ms)
			LoadAssemblies (108ms)
			RebuildTransferFunctionScriptingTraits (0ms)
			SetupTypeCache (409ms)
			ReleaseScriptCaches (2ms)
			RebuildScriptCaches (55ms)
			SetupLoadedEditorAssemblies (459ms)
				LogAssemblyErrors (0ms)
				InitializePlatformSupportModulesInManaged (6ms)
				SetLoadedEditorAssemblies (1ms)
				RefreshPlugins (1ms)
				BeforeProcessingInitializeOnLoad (118ms)
				ProcessInitializeOnLoadAttributes (311ms)
				ProcessInitializeOnLoadMethodAttributes (13ms)
				AfterProcessingInitializeOnLoad (9ms)
				EditorAssembliesLoaded (0ms)
			ExecutionOrderSort2 (0ms)
			AwakeInstancesAfterBackupRestoration (27ms)
Platform modules already initialized, skipping
Refreshing native plugins compatible for Editor in 1.10 ms, found 2 plugins.
Preloading 0 native plugins for Editor in 0.00 ms.
Unloading 3790 Unused Serialized files (Serialized files now loaded: 0)
System memory in use before: 324.6 MB.
System memory in use after: 324.8 MB.

Unloading 18 unused Assets to reduce memory usage. Loaded Objects now: 4618.
Total: 6.705700 ms (FindLiveObjects: 0.495100 ms CreateObjectMapping: 0.121100 ms MarkObjects: 6.066300 ms  DeleteObjects: 0.021600 ms)

AssetImportParameters requested are different than current active one (requested -> active):
  custom:framework-win-MediaFoundation: 216162199b28c13a410421893ffa2e32 -> 
  custom:video-decoder-ogg-theora: a1e56fd34408186e4bbccfd4996cb3dc -> 
  custom:container-muxer-webm: aa71ff27fc2769a1b78a27578f13a17b -> 
  custom:container-demuxer-webm: 4f35f7cbe854078d1ac9338744f61a02 -> 
  custom:container-demuxer-ogg: 62fdf1f143b41e24485cea50d1cbac27 -> 
  custom:video-encoder-webm-vp8: eb34c28f22e8b96e1ab97ce403110664 -> 
  custom:video-decoder-webm-vp8: 9c59270c3fd7afecdb556c50c9e8de78 -> 
  custom:audio-decoder-ogg-vorbis: bf7c407c2cedff20999df2af8eb42d56 -> 
  custom:audio-encoder-webm-vorbis: bf7c407c2cedff20999df2af8eb42d56 -> 
========================================================================
Received Prepare
Registering precompiled user dll's ...
Registered in 0.004756 seconds.
Begin MonoManager ReloadAssembly
Native extension for WindowsStandalone target not found
Native extension for WebGL target not found
Refreshing native plugins compatible for Editor in 1.05 ms, found 2 plugins.
Preloading 0 native plugins for Editor in 0.00 ms.
Mono: successfully reloaded assembly
- Completed reload, in  1.443 seconds
Domain Reload Profiling:
	ReloadAssembly (1443ms)
		BeginReloadAssembly (133ms)
			ExecutionOrderSort (0ms)
			DisableScriptedObjects (6ms)
			BackupInstance (0ms)
			ReleaseScriptingObjects (0ms)
			CreateAndSetChildDomain (38ms)
		EndReloadAssembly (1228ms)
			LoadAssemblies (108ms)
			RebuildTransferFunctionScriptingTraits (0ms)
			SetupTypeCache (411ms)
			ReleaseScriptCaches (2ms)
			RebuildScriptCaches (58ms)
			SetupLoadedEditorAssemblies (460ms)
				LogAssemblyErrors (0ms)
				InitializePlatformSupportModulesInManaged (6ms)
				SetLoadedEditorAssemblies (1ms)
				RefreshPlugins (1ms)
				BeforeProcessingInitializeOnLoad (114ms)
				ProcessInitializeOnLoadAttributes (315ms)
				ProcessInitializeOnLoadMethodAttributes (13ms)
				AfterProcessingInitializeOnLoad (9ms)
				EditorAssembliesLoaded (0ms)
			ExecutionOrderSort2 (0ms)
			AwakeInstancesAfterBackupRestoration (26ms)
Platform modules already initialized, skipping
Refreshing native plugins compatible for Editor in 1.12 ms, found 2 plugins.
Preloading 0 native plugins for Editor in 0.00 ms.
Unloading 3790 Unused Serialized files (Serialized files now loaded: 0)
System memory in use before: 324.6 MB.
System memory in use after: 324.8 MB.

Unloading 18 unused Assets to reduce memory usage. Loaded Objects now: 4620.
Total: 5.392800 ms (FindLiveObjects: 0.573800 ms CreateObjectMapping: 0.217400 ms MarkObjects: 4.578800 ms  DeleteObjects: 0.021400 ms)

AssetImportParameters requested are different than current active one (requested -> active):
  custom:framework-win-MediaFoundation: 216162199b28c13a410421893ffa2e32 -> 
  custom:video-decoder-ogg-theora: a1e56fd34408186e4bbccfd4996cb3dc -> 
  custom:container-muxer-webm: aa71ff27fc2769a1b78a27578f13a17b -> 
  custom:container-demuxer-webm: 4f35f7cbe854078d1ac9338744f61a02 -> 
  custom:container-demuxer-ogg: 62fdf1f143b41e24485cea50d1cbac27 -> 
  custom:video-encoder-webm-vp8: eb34c28f22e8b96e1ab97ce403110664 -> 
  custom:video-decoder-webm-vp8: 9c59270c3fd7afecdb556c50c9e8de78 -> 
  custom:audio-decoder-ogg-vorbis: bf7c407c2cedff20999df2af8eb42d56 -> 
  custom:audio-encoder-webm-vorbis: bf7c407c2cedff20999df2af8eb42d56 -> 
AssetImportWorkerClient::OnTransportError - code=2 error=End of file
